mode: set
mynumba-don-win-draw-system/backend/internal/handlers/admin/draw_handlers.go:22.164,58.32 2 0
mynumba-don-win-draw-system/backend/internal/handlers/admin/draw_handlers.go:58.32,63.6 1 0
mynumba-don-win-draw-system/backend/internal/handlers/admin/draw_handlers.go:65.2,65.26 1 0
mynumba-don-win-draw-system/backend/internal/handlers/admin/draw_handlers.go:73.78,80.2 2 0
mynumba-don-win-draw-system/backend/internal/handlers/admin/draw_handlers.go:89.34,91.47 2 0
mynumba-don-win-draw-system/backend/internal/handlers/admin/draw_handlers.go:91.47,94.3 2 0
mynumba-don-win-draw-system/backend/internal/handlers/admin/draw_handlers.go:96.2,97.19 2 0
mynumba-don-win-draw-system/backend/internal/handlers/admin/draw_handlers.go:97.19,100.6 2 0
mynumba-don-win-draw-system/backend/internal/handlers/admin/draw_handlers.go:102.2,103.16 2 0
mynumba-don-win-draw-system/backend/internal/handlers/admin/draw_handlers.go:103.16,106.3 2 0
mynumba-don-win-draw-system/backend/internal/handlers/admin/draw_handlers.go:109.2,110.116 2 0
mynumba-don-win-draw-system/backend/internal/handlers/admin/draw_handlers.go:110.116,112.6 1 0
mynumba-don-win-draw-system/backend/internal/handlers/admin/draw_handlers.go:112.113,113.36 1 0
mynumba-don-win-draw-system/backend/internal/handlers/admin/draw_handlers.go:113.36,116.4 2 0
mynumba-don-win-draw-system/backend/internal/handlers/admin/draw_handlers.go:117.3,118.9 2 0
mynumba-don-win-draw-system/backend/internal/handlers/admin/draw_handlers.go:121.5,122.107 1 0
mynumba-don-win-draw-system/backend/internal/handlers/admin/draw_handlers.go:122.107,126.47 3 0
mynumba-don-win-draw-system/backend/internal/handlers/admin/draw_handlers.go:126.47,128.4 1 0
mynumba-don-win-draw-system/backend/internal/handlers/admin/draw_handlers.go:129.3,129.45 1 0
mynumba-don-win-draw-system/backend/internal/handlers/admin/draw_handlers.go:129.45,131.4 1 0
mynumba-don-win-draw-system/backend/internal/handlers/admin/draw_handlers.go:132.3,133.15 2 0
mynumba-don-win-draw-system/backend/internal/handlers/admin/draw_handlers.go:138.2,140.16 3 0
mynumba-don-win-draw-system/backend/internal/handlers/admin/draw_handlers.go:140.16,143.3 2 0
mynumba-don-win-draw-system/backend/internal/handlers/admin/draw_handlers.go:146.2,148.36 3 0
mynumba-don-win-draw-system/backend/internal/handlers/admin/draw_handlers.go:148.36,150.17 2 0
mynumba-don-win-draw-system/backend/internal/handlers/admin/draw_handlers.go:150.17,153.4 2 0
mynumba-don-win-draw-system/backend/internal/handlers/admin/draw_handlers.go:154.3,154.21 1 0
mynumba-don-win-draw-system/backend/internal/handlers/admin/draw_handlers.go:154.21,156.4 1 0
mynumba-don-win-draw-system/backend/internal/handlers/admin/draw_handlers.go:159.2,159.41 1 0
mynumba-don-win-draw-system/backend/internal/handlers/admin/draw_handlers.go:159.41,162.3 2 0
mynumba-don-win-draw-system/backend/internal/handlers/admin/draw_handlers.go:165.2,172.43 3 0
mynumba-don-win-draw-system/backend/internal/handlers/admin/draw_handlers.go:172.43,172.56 1 0
mynumba-don-win-draw-system/backend/internal/handlers/admin/draw_handlers.go:176.2,177.46 2 0
mynumba-don-win-draw-system/backend/internal/handlers/admin/draw_handlers.go:177.46,179.3 1 0
mynumba-don-win-draw-system/backend/internal/handlers/admin/draw_handlers.go:180.2,185.46 4 0
mynumba-don-win-draw-system/backend/internal/handlers/admin/draw_handlers.go:185.46,186.33 1 0
mynumba-don-win-draw-system/backend/internal/handlers/admin/draw_handlers.go:186.33,188.4 1 0
mynumba-don-win-draw-system/backend/internal/handlers/admin/draw_handlers.go:191.2,196.49 3 0
mynumba-don-win-draw-system/backend/internal/handlers/admin/draw_handlers.go:196.49,197.41 1 0
mynumba-don-win-draw-system/backend/internal/handlers/admin/draw_handlers.go:197.41,198.29 1 0
mynumba-don-win-draw-system/backend/internal/handlers/admin/draw_handlers.go:198.29,200.10 1 0
mynumba-don-win-draw-system/backend/internal/handlers/admin/draw_handlers.go:204.4,209.48 5 0
mynumba-don-win-draw-system/backend/internal/handlers/admin/draw_handlers.go:209.48,210.30 1 0
mynumba-don-win-draw-system/backend/internal/handlers/admin/draw_handlers.go:210.30,210.37 1 0
mynumba-don-win-draw-system/backend/internal/handlers/admin/draw_handlers.go:211.5,214.39 3 0
mynumba-don-win-draw-system/backend/internal/handlers/admin/draw_handlers.go:214.39,220.46 5 0
mynumba-don-win-draw-system/backend/internal/handlers/admin/draw_handlers.go:220.46,221.46 1 0
mynumba-don-win-draw-system/backend/internal/handlers/admin/draw_handlers.go:221.46,223.8 1 0
mynumba-don-win-draw-system/backend/internal/handlers/admin/draw_handlers.go:225.6,225.34 1 0
mynumba-don-win-draw-system/backend/internal/handlers/admin/draw_handlers.go:226.12,229.6 0 0
mynumba-don-win-draw-system/backend/internal/handlers/admin/draw_handlers.go:230.5,230.15 1 0
mynumba-don-win-draw-system/backend/internal/handlers/admin/draw_handlers.go:233.4,233.21 1 0
mynumba-don-win-draw-system/backend/internal/handlers/admin/draw_handlers.go:233.21,235.10 1 0
mynumba-don-win-draw-system/backend/internal/handlers/admin/draw_handlers.go:237.4,245.6 2 0
mynumba-don-win-draw-system/backend/internal/handlers/admin/draw_handlers.go:255.3,255.28 1 0
mynumba-don-win-draw-system/backend/internal/handlers/admin/draw_handlers.go:255.28,256.18 1 0
mynumba-don-win-draw-system/backend/internal/handlers/admin/draw_handlers.go:261.2,261.102 1 0
mynumba-don-win-draw-system/backend/internal/handlers/admin/draw_handlers.go:261.102,263.48 2 0
mynumba-don-win-draw-system/backend/internal/handlers/admin/draw_handlers.go:263.48,268.4 3 0
mynumba-don-win-draw-system/backend/internal/handlers/admin/draw_handlers.go:270.3,270.28 1 0
mynumba-don-win-draw-system/backend/internal/handlers/admin/draw_handlers.go:270.28,272.4 1 0
mynumba-don-win-draw-system/backend/internal/handlers/admin/draw_handlers.go:273.3,273.23 1 0
mynumba-don-win-draw-system/backend/internal/handlers/admin/draw_handlers.go:273.23,274.55 1 0
mynumba-don-win-draw-system/backend/internal/handlers/admin/draw_handlers.go:274.55,278.8 3 0
mynumba-don-win-draw-system/backend/internal/handlers/admin/draw_handlers.go:280.3,280.13 1 0
mynumba-don-win-draw-system/backend/internal/handlers/admin/draw_handlers.go:283.2,283.18 1 0
mynumba-don-win-draw-system/backend/internal/handlers/admin/draw_handlers.go:283.18,286.3 2 0
mynumba-don-win-draw-system/backend/internal/handlers/admin/draw_handlers.go:290.5,296.4 3 0
mynumba-don-win-draw-system/backend/internal/handlers/admin/draw_handlers.go:300.32,303.149 2 0
mynumba-don-win-draw-system/backend/internal/handlers/admin/draw_handlers.go:303.149,305.6 1 0
mynumba-don-win-draw-system/backend/internal/handlers/admin/draw_handlers.go:306.2,306.25 1 0
mynumba-don-win-draw-system/backend/internal/handlers/admin/draw_handlers.go:306.25,309.3 2 0
mynumba-don-win-draw-system/backend/internal/handlers/admin/draw_handlers.go:310.2,310.30 1 0
mynumba-don-win-draw-system/backend/internal/handlers/admin/draw_handlers.go:314.37,317.16 3 0
mynumba-don-win-draw-system/backend/internal/handlers/admin/draw_handlers.go:317.16,320.3 2 0
mynumba-don-win-draw-system/backend/internal/handlers/admin/draw_handlers.go:322.2,323.189 2 0
mynumba-don-win-draw-system/backend/internal/handlers/admin/draw_handlers.go:323.189,325.6 1 0
mynumba-don-win-draw-system/backend/internal/handlers/admin/draw_handlers.go:327.2,327.25 1 0
mynumba-don-win-draw-system/backend/internal/handlers/admin/draw_handlers.go:327.25,328.45 1 0
mynumba-don-win-draw-system/backend/internal/handlers/admin/draw_handlers.go:328.45,331.4 2 0
mynumba-don-win-draw-system/backend/internal/handlers/admin/draw_handlers.go:332.3,333.9 2 0
mynumba-don-win-draw-system/backend/internal/handlers/admin/draw_handlers.go:335.2,335.29 1 0
mynumba-don-win-draw-system/backend/internal/handlers/admin/draw_handlers.go:345.32,347.2 1 0
mynumba-don-win-draw-system/backend/internal/handlers/admin/draw_handlers.go:352.34,357.28 3 0
mynumba-don-win-draw-system/backend/internal/handlers/admin/draw_handlers.go:357.28,360.6 2 0
mynumba-don-win-draw-system/backend/internal/handlers/admin/draw_handlers.go:361.5,361.35 1 0
mynumba-don-win-draw-system/backend/internal/handlers/admin/draw_handlers.go:365.43,373.2 1 0
mynumba-don-win-draw-system/backend/internal/handlers/admin/draw_handlers.go:376.48,379.19 3 0
mynumba-don-win-draw-system/backend/internal/handlers/admin/draw_handlers.go:379.19,382.6 2 0
mynumba-don-win-draw-system/backend/internal/handlers/admin/draw_handlers.go:384.5,388.50 2 0
mynumba-don-win-draw-system/backend/internal/handlers/admin/draw_handlers.go:388.50,391.6 2 0
mynumba-don-win-draw-system/backend/internal/handlers/admin/draw_handlers.go:394.5,398.102 1 0
mynumba-don-win-draw-system/backend/internal/handlers/admin/draw_handlers.go:398.102,401.6 2 0
mynumba-don-win-draw-system/backend/internal/handlers/admin/draw_handlers.go:403.5,404.123 2 0
mynumba-don-win-draw-system/backend/internal/handlers/admin/draw_handlers.go:404.123,407.6 2 0
mynumba-don-win-draw-system/backend/internal/handlers/admin/draw_handlers.go:409.5,410.28 2 0
mynumba-don-win-draw-system/backend/internal/handlers/admin/draw_handlers.go:410.28,413.6 2 0
mynumba-don-win-draw-system/backend/internal/handlers/admin/draw_handlers.go:415.5,416.34 2 0
mynumba-don-win-draw-system/backend/internal/handlers/admin/prize_structure_handlers.go:26.43,28.47 2 0
mynumba-don-win-draw-system/backend/internal/handlers/admin/prize_structure_handlers.go:28.47,31.3 2 0
mynumba-don-win-draw-system/backend/internal/handlers/admin/prize_structure_handlers.go:34.2,34.122 1 0
mynumba-don-win-draw-system/backend/internal/handlers/admin/prize_structure_handlers.go:34.122,37.3 2 0
mynumba-don-win-draw-system/backend/internal/handlers/admin/prize_structure_handlers.go:40.2,40.102 1 0
mynumba-don-win-draw-system/backend/internal/handlers/admin/prize_structure_handlers.go:40.102,52.14 3 0
mynumba-don-win-draw-system/backend/internal/handlers/admin/prize_structure_handlers.go:52.14,55.4 1 0
mynumba-don-win-draw-system/backend/internal/handlers/admin/prize_structure_handlers.go:56.3,57.10 2 0
mynumba-don-win-draw-system/backend/internal/handlers/admin/prize_structure_handlers.go:57.10,59.4 1 0
mynumba-don-win-draw-system/backend/internal/handlers/admin/prize_structure_handlers.go:60.3,61.17 2 0
mynumba-don-win-draw-system/backend/internal/handlers/admin/prize_structure_handlers.go:61.17,63.4 1 0
mynumba-don-win-draw-system/backend/internal/handlers/admin/prize_structure_handlers.go:64.3,66.58 2 0
mynumba-don-win-draw-system/backend/internal/handlers/admin/prize_structure_handlers.go:66.58,68.4 1 0
mynumba-don-win-draw-system/backend/internal/handlers/admin/prize_structure_handlers.go:70.3,70.42 1 0
mynumba-don-win-draw-system/backend/internal/handlers/admin/prize_structure_handlers.go:70.42,79.49 2 0
mynumba-don-win-draw-system/backend/internal/handlers/admin/prize_structure_handlers.go:79.49,81.5 1 0
mynumba-don-win-draw-system/backend/internal/handlers/admin/prize_structure_handlers.go:84.3,84.98 1 0
mynumba-don-win-draw-system/backend/internal/handlers/admin/prize_structure_handlers.go:84.98,86.4 1 0
mynumba-don-win-draw-system/backend/internal/handlers/admin/prize_structure_handlers.go:87.3,88.13 2 0
mynumba-don-win-draw-system/backend/internal/handlers/admin/prize_structure_handlers.go:91.2,91.18 1 0
mynumba-don-win-draw-system/backend/internal/handlers/admin/prize_structure_handlers.go:91.18,94.3 2 0
mynumba-don-win-draw-system/backend/internal/handlers/admin/prize_structure_handlers.go:96.2,97.51 2 0
mynumba-don-win-draw-system/backend/internal/handlers/admin/prize_structure_handlers.go:101.42,105.25 3 0
mynumba-don-win-draw-system/backend/internal/handlers/admin/prize_structure_handlers.go:105.25,108.3 2 0
mynumba-don-win-draw-system/backend/internal/handlers/admin/prize_structure_handlers.go:109.2,109.40 1 0
mynumba-don-win-draw-system/backend/internal/handlers/admin/prize_structure_handlers.go:113.40,116.16 3 0
mynumba-don-win-draw-system/backend/internal/handlers/admin/prize_structure_handlers.go:116.16,119.3 2 0
mynumba-don-win-draw-system/backend/internal/handlers/admin/prize_structure_handlers.go:121.2,123.25 3 0
mynumba-don-win-draw-system/backend/internal/handlers/admin/prize_structure_handlers.go:123.25,124.45 1 0
mynumba-don-win-draw-system/backend/internal/handlers/admin/prize_structure_handlers.go:124.45,127.4 2 0
mynumba-don-win-draw-system/backend/internal/handlers/admin/prize_structure_handlers.go:128.3,129.9 2 0
mynumba-don-win-draw-system/backend/internal/handlers/admin/prize_structure_handlers.go:131.2,131.39 1 0
mynumba-don-win-draw-system/backend/internal/handlers/admin/prize_structure_handlers.go:145.43,148.16 3 0
mynumba-don-win-draw-system/backend/internal/handlers/admin/prize_structure_handlers.go:148.16,151.3 2 0
mynumba-don-win-draw-system/backend/internal/handlers/admin/prize_structure_handlers.go:153.2,154.47 2 0
mynumba-don-win-draw-system/backend/internal/handlers/admin/prize_structure_handlers.go:154.47,157.3 2 0
mynumba-don-win-draw-system/backend/internal/handlers/admin/prize_structure_handlers.go:159.2,160.131 2 0
mynumba-don-win-draw-system/backend/internal/handlers/admin/prize_structure_handlers.go:160.131,163.3 2 0
mynumba-don-win-draw-system/backend/internal/handlers/admin/prize_structure_handlers.go:165.2,166.21 2 0
mynumba-don-win-draw-system/backend/internal/handlers/admin/prize_structure_handlers.go:166.21,168.3 1 0
mynumba-don-win-draw-system/backend/internal/handlers/admin/prize_structure_handlers.go:169.2,169.24 1 0
mynumba-don-win-draw-system/backend/internal/handlers/admin/prize_structure_handlers.go:169.24,171.3 1 0
mynumba-don-win-draw-system/backend/internal/handlers/admin/prize_structure_handlers.go:172.2,172.25 1 0
mynumba-don-win-draw-system/backend/internal/handlers/admin/prize_structure_handlers.go:172.25,174.3 1 0
mynumba-don-win-draw-system/backend/internal/handlers/admin/prize_structure_handlers.go:175.2,175.35 1 0
mynumba-don-win-draw-system/backend/internal/handlers/admin/prize_structure_handlers.go:175.35,177.3 1 0
mynumba-don-win-draw-system/backend/internal/handlers/admin/prize_structure_handlers.go:178.2,178.33 1 0
mynumba-don-win-draw-system/backend/internal/handlers/admin/prize_structure_handlers.go:178.33,180.3 1 0
mynumba-don-win-draw-system/backend/internal/handlers/admin/prize_structure_handlers.go:182.2,182.23 1 0
mynumba-don-win-draw-system/backend/internal/handlers/admin/prize_structure_handlers.go:182.23,185.3 2 0
mynumba-don-win-draw-system/backend/internal/handlers/admin/prize_structure_handlers.go:187.5,188.68 2 0
mynumba-don-win-draw-system/backend/internal/handlers/admin/prize_structure_handlers.go:188.68,190.6 1 0
mynumba-don-win-draw-system/backend/internal/handlers/admin/prize_structure_handlers.go:191.5,192.66 2 0
mynumba-don-win-draw-system/backend/internal/handlers/admin/prize_structure_handlers.go:192.66,194.6 1 0
mynumba-don-win-draw-system/backend/internal/handlers/admin/prize_structure_handlers.go:196.5,196.137 1 0
mynumba-don-win-draw-system/backend/internal/handlers/admin/prize_structure_handlers.go:196.137,199.6 2 0
mynumba-don-win-draw-system/backend/internal/handlers/admin/prize_structure_handlers.go:201.2,202.25 2 0
mynumba-don-win-draw-system/backend/internal/handlers/admin/prize_structure_handlers.go:202.25,205.3 2 0
mynumba-don-win-draw-system/backend/internal/handlers/admin/prize_structure_handlers.go:208.2,209.39 2 0
mynumba-don-win-draw-system/backend/internal/handlers/admin/prize_structure_handlers.go:213.43,216.16 3 0
mynumba-don-win-draw-system/backend/internal/handlers/admin/prize_structure_handlers.go:216.16,219.3 2 0
mynumba-don-win-draw-system/backend/internal/handlers/admin/prize_structure_handlers.go:222.2,224.22 3 0
mynumba-don-win-draw-system/backend/internal/handlers/admin/prize_structure_handlers.go:224.22,227.6 2 0
mynumba-don-win-draw-system/backend/internal/handlers/admin/prize_structure_handlers.go:231.2,231.102 1 0
mynumba-don-win-draw-system/backend/internal/handlers/admin/prize_structure_handlers.go:231.102,232.158 1 0
mynumba-don-win-draw-system/backend/internal/handlers/admin/prize_structure_handlers.go:232.158,234.4 1 0
mynumba-don-win-draw-system/backend/internal/handlers/admin/prize_structure_handlers.go:235.3,235.141 1 0
mynumba-don-win-draw-system/backend/internal/handlers/admin/prize_structure_handlers.go:235.141,237.4 1 0
mynumba-don-win-draw-system/backend/internal/handlers/admin/prize_structure_handlers.go:238.3,238.13 1 0
mynumba-don-win-draw-system/backend/internal/handlers/admin/prize_structure_handlers.go:241.2,241.18 1 0
mynumba-don-win-draw-system/backend/internal/handlers/admin/prize_structure_handlers.go:241.18,244.3 2 0
mynumba-don-win-draw-system/backend/internal/handlers/admin/prize_structure_handlers.go:246.2,246.95 1 0
mynumba-don-win-draw-system/backend/internal/handlers/admin/prize_structure_handlers.go:254.45,257.19 3 0
mynumba-don-win-draw-system/backend/internal/handlers/admin/prize_structure_handlers.go:257.19,260.6 2 0
mynumba-don-win-draw-system/backend/internal/handlers/admin/prize_structure_handlers.go:262.5,263.50 2 0
mynumba-don-win-draw-system/backend/internal/handlers/admin/prize_structure_handlers.go:263.50,266.6 2 0
mynumba-don-win-draw-system/backend/internal/handlers/admin/prize_structure_handlers.go:268.5,269.134 2 0
mynumba-don-win-draw-system/backend/internal/handlers/admin/prize_structure_handlers.go:269.134,272.6 2 0
mynumba-don-win-draw-system/backend/internal/handlers/admin/prize_structure_handlers.go:274.5,275.28 2 0
mynumba-don-win-draw-system/backend/internal/handlers/admin/prize_structure_handlers.go:275.28,278.6 2 0
mynumba-don-win-draw-system/backend/internal/handlers/admin/prize_structure_handlers.go:280.5,281.42 2 0
mynumba-don-win-draw-system/backend/internal/handlers/admin/user_handlers.go:23.38,25.47 2 1
mynumba-don-win-draw-system/backend/internal/handlers/admin/user_handlers.go:25.47,28.3 2 0
mynumba-don-win-draw-system/backend/internal/handlers/admin/user_handlers.go:31.2,32.124 2 1
mynumba-don-win-draw-system/backend/internal/handlers/admin/user_handlers.go:32.124,35.3 2 0
mynumba-don-win-draw-system/backend/internal/handlers/admin/user_handlers.go:37.2,38.16 2 1
mynumba-don-win-draw-system/backend/internal/handlers/admin/user_handlers.go:38.16,41.3 2 0
mynumba-don-win-draw-system/backend/internal/handlers/admin/user_handlers.go:43.2,54.25 3 1
mynumba-don-win-draw-system/backend/internal/handlers/admin/user_handlers.go:54.25,57.3 2 0
mynumba-don-win-draw-system/backend/internal/handlers/admin/user_handlers.go:60.2,71.45 2 1
mynumba-don-win-draw-system/backend/internal/handlers/admin/user_handlers.go:75.37,79.25 3 1
mynumba-don-win-draw-system/backend/internal/handlers/admin/user_handlers.go:79.25,82.3 2 0
mynumba-don-win-draw-system/backend/internal/handlers/admin/user_handlers.go:83.2,83.30 1 1
mynumba-don-win-draw-system/backend/internal/handlers/admin/user_handlers.go:87.35,90.16 3 0
mynumba-don-win-draw-system/backend/internal/handlers/admin/user_handlers.go:90.16,93.3 2 0
mynumba-don-win-draw-system/backend/internal/handlers/admin/user_handlers.go:95.2,97.25 3 0
mynumba-don-win-draw-system/backend/internal/handlers/admin/user_handlers.go:97.25,100.3 2 0
mynumba-don-win-draw-system/backend/internal/handlers/admin/user_handlers.go:101.2,101.29 1 0
mynumba-don-win-draw-system/backend/internal/handlers/admin/user_handlers.go:113.38,116.16 3 0
mynumba-don-win-draw-system/backend/internal/handlers/admin/user_handlers.go:116.16,119.3 2 0
mynumba-don-win-draw-system/backend/internal/handlers/admin/user_handlers.go:121.2,122.47 2 0
mynumba-don-win-draw-system/backend/internal/handlers/admin/user_handlers.go:122.47,125.3 2 0
mynumba-don-win-draw-system/backend/internal/handlers/admin/user_handlers.go:127.2,128.116 2 0
mynumba-don-win-draw-system/backend/internal/handlers/admin/user_handlers.go:128.116,131.3 2 0
mynumba-don-win-draw-system/backend/internal/handlers/admin/user_handlers.go:133.2,134.26 2 0
mynumba-don-win-draw-system/backend/internal/handlers/admin/user_handlers.go:134.26,136.3 1 0
mynumba-don-win-draw-system/backend/internal/handlers/admin/user_handlers.go:137.2,137.25 1 0
mynumba-don-win-draw-system/backend/internal/handlers/admin/user_handlers.go:137.25,139.3 1 0
mynumba-don-win-draw-system/backend/internal/handlers/admin/user_handlers.go:140.2,140.21 1 0
mynumba-don-win-draw-system/backend/internal/handlers/admin/user_handlers.go:140.21,142.3 1 0
mynumba-don-win-draw-system/backend/internal/handlers/admin/user_handlers.go:144.2,144.23 1 0
mynumba-don-win-draw-system/backend/internal/handlers/admin/user_handlers.go:144.23,147.3 2 0
mynumba-don-win-draw-system/backend/internal/handlers/admin/user_handlers.go:149.2,150.25 2 0
mynumba-don-win-draw-system/backend/internal/handlers/admin/user_handlers.go:150.25,153.3 2 0
mynumba-don-win-draw-system/backend/internal/handlers/admin/user_handlers.go:156.2,157.29 2 0
mynumba-don-win-draw-system/backend/internal/handlers/admin/user_handlers.go:166.44,169.16 3 0
mynumba-don-win-draw-system/backend/internal/handlers/admin/user_handlers.go:169.16,172.3 2 0
mynumba-don-win-draw-system/backend/internal/handlers/admin/user_handlers.go:174.2,175.47 2 0
mynumba-don-win-draw-system/backend/internal/handlers/admin/user_handlers.go:175.47,178.3 2 0
mynumba-don-win-draw-system/backend/internal/handlers/admin/user_handlers.go:181.2,183.84 1 0
mynumba-don-win-draw-system/backend/internal/handlers/admin/user_handlers.go:183.84,186.3 2 0
mynumba-don-win-draw-system/backend/internal/handlers/admin/user_handlers.go:188.2,189.116 2 0
mynumba-don-win-draw-system/backend/internal/handlers/admin/user_handlers.go:189.116,192.3 2 0
mynumba-don-win-draw-system/backend/internal/handlers/admin/user_handlers.go:196.2,197.25 2 0
mynumba-don-win-draw-system/backend/internal/handlers/admin/user_handlers.go:197.25,200.3 2 0
mynumba-don-win-draw-system/backend/internal/handlers/admin/user_handlers.go:203.2,204.29 2 0
mynumba-don-win-draw-system/backend/internal/handlers/admin/user_handlers.go:208.38,211.16 3 0
mynumba-don-win-draw-system/backend/internal/handlers/admin/user_handlers.go:211.16,214.3 2 0
mynumba-don-win-draw-system/backend/internal/handlers/admin/user_handlers.go:221.2,222.25 2 0
mynumba-don-win-draw-system/backend/internal/handlers/admin/user_handlers.go:222.25,225.3 2 0
mynumba-don-win-draw-system/backend/internal/handlers/admin/user_handlers.go:226.2,226.30 1 0
mynumba-don-win-draw-system/backend/internal/handlers/admin/user_handlers.go:226.30,229.3 2 0
mynumba-don-win-draw-system/backend/internal/handlers/admin/user_handlers.go:231.2,231.76 1 0
